GET / 304 - - 7.669 ms
GET /restaurant 304 - - 156.028 ms
GET /mealtype 304 - - 104.475 ms
GET / 200 72 - 8.461 ms
GET /favicon.ico 404 150 - 3.581 ms
GET /city 200 8 - 1.984 ms
GET /restaurant 200 5425 - 123.803 ms
GET /restaurant 304 - - 101.448 ms
GET /restaurant 304 - - 151.650 ms
GET /city 200 320 - 102.666 ms
GET / 304 - - 8.229 ms
GET / 200 109 - 5.810 ms
GET /location 404 147 - 3.618 ms
GET /location 404 147 - 1.036 ms
GET /location 200 320 - 129.316 ms
GET / 304 - - 3.853 ms
GET /favicon.ico 404 150 - 5.126 ms
GET / 304 - - 6.810 ms
GET /admin?pass=abhi 302 56 - 27.647 ms
GET /admin 302 46 - 0.793 ms
GET / 304 - - 7.500 ms
GET /admin?pass=abhi 302 56 - 1.004 ms
GET /admin 302 46 - 0.389 ms
GET / 304 - - 1.689 ms
GET / 304 - - 4.054 ms
GET /admin?pass=abhi 200 6 - 2.976 ms
GET /admin?pass=abhi 304 - - 0.940 ms
GET /admin 200 1 - 1.078 ms
GET /admin 404 144 - 4.679 ms
GET /admin/abhi 200 6 - 6.849 ms
GET / 200 109 - 8.541 ms
GET /favicon.ico 404 150 - 7.698 ms
GET / 304 - - 1.480 ms
GET /order 200 2 - 133.005 ms
GET /order 304 - - 105.464 ms
GET /order 200 2 - 98.567 ms
POST /order - - - - ms
POST /order - - - - ms
GET / 200 109 - 5.175 ms
GET /favicon.ico 404 150 - 2.882 ms
GET / 200 140 - 7.467 ms
GET /order 200 571 - 1107.104 ms
GET /restaurant 200 5425 - 127.822 ms
GET /restaurant 200 5425 - 818.474 ms
POST /restaurant 200 18 - 134.320 ms
GET /restaurant 200 5460 - 129.735 ms
POST /restaurant 200 18 - 290.258 ms
GET /restaurant 200 5535 - 112.379 ms
GET /restaurant 304 - - 96.964 ms
GET /location 200 320 - 103.748 ms
GET /location 304 - - 79.166 ms
GET /location 304 - - 117.813 ms
POST /location 200 16 - 212.865 ms
GET /location 200 388 - 93.705 ms
GET /mealtype 200 1063 - 91.596 ms
GET / 304 - - 7.462 ms
GET /favicon.ico 404 150 - 6.095 ms
GET /mealtype 304 - - 95.301 ms
POST /mealtype 200 16 - 469.114 ms
GET /mealtype 200 1288 - 64.458 ms
GET / 304 - - 7.009 ms
GET /favicon.ico 404 150 - 21.771 ms
GET /mealtype 304 - - 112.544 ms
GET /restaurant 200 5425 - 112.300 ms
GET /restaurant 304 - - 171.370 ms
GET /restaurant/dinner?hcost=450&lcost=200 200 2 - 108.667 ms
GET /restaurant/dinner 200 5425 - 113.277 ms
GET /restaurant/dinner?hcost=450&lcost=100 200 2 - 91.140 ms
GET /restaurant/dinner?hcost=100&lcost=450 200 2 - 364.787 ms
GET /restaurant/dinner?hcost=100&lcost=450 304 - - 92.371 ms
GET /restaurant/dinner?hcost=100&lcost=450 304 - - 132.200 ms
GET /restaurant/dinner?hcost=100&lcost=450 304 - - 101.737 ms
GET /restaurant/dinner?hcost=100&lcost=450 304 - - 96.991 ms
GET /restaurant/snacks?hcost=100&lcost=450 200 2 - 91.925 ms
GET /restaurant/snacks?hcost=100&lcost=450 304 - - 112.752 ms
GET /restaurant/snacks 200 5425 - 132.620 ms
GET /restaurant/lunch 200 5425 - 424.064 ms
GET /restaurant?mealtype=lunch 200 1312 - 369.052 ms
GET /restaurant?city=Mumbai&mealtype=lunch 200 435 - 74.722 ms
GET /restaurant?lcost=500&hcost=100 200 2 - 138.969 ms
GET /restaurant 304 - - 124.221 ms
GET /restaurant?hcost=10&lcost=1000 200 2 - 102.302 ms
GET /restaurant?hcost=10&&lcost=1000 200 2 - 94.148 ms
GET /restaurant?hcost=10&lcost=1000 304 - - 111.021 ms
GET /restaurant?hcost=10&lcost=1000 304 - - 152.493 ms
GET /restaurant?hcost=450&lcost=500 200 2 - 98.146 ms
GET /restaurant?hcost=450&lcost=500 304 - - 91.410 ms
GET /restaurant?hcost=450&lcost=230 200 2 - 325.970 ms
GET /restaurant?hcost=450&lcost=230 304 - - 410.787 ms
GET /restaurant?hcost=450&lcost=230 304 - - 121.819 ms
GET /restaurant?hcost=450&lcost=230 200 885 - 102.968 ms
GET / 304 - - 6.055 ms
GET /favicon.ico 404 150 - 14.054 ms
GET /restaurant 304 - - 109.604 ms
GET /restaurant/dinner 304 - - 110.095 ms
GET /restaurant/Dinner 200 5425 - 83.692 ms
GET /restaurant/1 200 5425 - 125.024 ms
GET /restaurant/dinner?hcost=450&lcost=100 200 496 - 96.996 ms
GET /restaurant/dinner?hcost=450&lcost=300 200 2 - 76.156 ms
GET /restaurant/dinner?hcost=1000&lcost=100 200 1394 - 109.898 ms
GET / 304 - - 0.381 ms
GET /restaurant 304 - - 109.806 ms
GET /restaurant?mealtype=dinner 200 1394 - 93.712 ms
GET /restaurant/dinner?hcost=600&lcost=450 200 435 - 91.249 ms
GET /restaurant/dinner?hcost=600&lcost=450 304 - - 165.058 ms
GET /restaurant/dinner?hcost=600&lcost=100 200 1394 - 94.995 ms
GET /restaurant/ 200 5425 - 89.334 ms
GET /restaurant/ 304 - - 96.800 ms
GET /restaurant/ 304 - - 101.123 ms
GET /restaurant/ 304 - - 66.582 ms
GET /restaurant/dinner?hcost=1000&lcost=450 200 435 - 80.862 ms
GET /restaurant/dinner?hcost=1000&lcost=800 200 2 - 622.096 ms
GET /restaurant/dinner?hcost=800&lcost=500 200 435 - 77.332 ms
GET /restaurant/dinner?hcost=500&lcost=100 200 960 - 70.803 ms
GET /restaurant/dinner?hcost=500&lcost=100 304 - - 90.144 ms
GET /restaurant/breakfast?hcost=1000&lcost=800 200 2 - 123.983 ms
GET /restaurant/breakfast?hcost=800&lcost=500 200 2 - 114.473 ms
GET /restaurant/breakfast?hcost=500&lcost=100 200 1414 - 116.942 ms
GET /restaurant/breakfast?hcost=500&lcost=100 304 - - 92.381 ms
GET /restaurant/breakfast?hcost=500&lcost=100 304 - - 96.651 ms
GET /restaurant/breakfast?hcost=500&lcost=100 304 - - 100.634 ms
GET /restaurant/breakfast?hcost=500&lcost=100 304 - - 403.139 ms
GET /restaurant/breakfast?hcost=500&lcost=100 304 - - 120.268 ms
GET /restaurant/breakfast?hcost=500&lcost=100 304 - - 267.181 ms
GET /restaurant/breakfast?hcost=500&lcost=100 304 - - 77.357 ms
GET /restaurant/breakfast?hcost=500&lcost=100 304 - - 76.990 ms
GET /restaurant/breakfast?hcost=500&lcost=100 304 - - 95.887 ms
GET /restaurant/breakfast?hcost=500&lcost=100 304 - - 79.518 ms
GET /restaurant/breakfast?hcost=500&lcost=100 304 - - 70.862 ms
GET /restaurant/breakfast?hcost=500&lcost=100 304 - - 81.969 ms
GET /restaurant/breakfast?hcost=500&lcost=100 304 - - 119.667 ms
GET /restaurant/breakfast?hcost=500&lcost=100 304 - - 128.820 ms
GET /restaurant/breakfast?hcost=500&lcost=100 304 - - 92.029 ms
GET /restaurant/breakfast?hcost=500&lcost=100 304 - - 104.066 ms
GET /restaurant/lunch?hcost=800&lcost=500 200 435 - 92.416 ms
GET /restaurant/lunch?hcost=800&lcost=500 304 - - 93.501 ms
GET /restaurant/dinner?hcost=800&lcost=500 304 - - 83.084 ms
GET /restaurant/nightlife?hcost=800&lcost=500 200 1374 - 95.913 ms
GET /restaurant/lunch?hcost=800&lcost=500 304 - - 80.314 ms
GET /restaurant/snacks?hcost=800&lcost=500 200 881 - 90.331 ms
GET /restaurant/dinner?hcost=800&lcost=500 304 - - 86.634 ms
GET /restaurant/dinner?hcost=800&lcost=500 304 - - 84.798 ms
GET /restaurant/dinner?hcost=800&lcost=500 304 - - 71.139 ms
GET /restaurant/dinner?hcost=800&lcost=500 304 - - 85.233 ms
GET /restaurant/dinner?hcost=800&lcost=500 304 - - 95.662 ms
GET /restaurant/lunch?hcost=800&lcost=500 304 - - 103.584 ms
GET /restaurant/lunch?hcost=800&lcost=500 304 - - 96.286 ms
GET /restaurant/lunch?hcost=800&lcost=500 304 - - 89.038 ms
GET /restaurant/lunch?hcost=800&lcost=500 304 - - 93.181 ms
GET /restaurant/lunch?hcost=800&lcost=500 304 - - 65.869 ms
GET /restaurant/lunch?hcost=800&lcost=500 304 - - 91.342 ms
GET /restaurant/lunch?hcost=800&lcost=500 304 - - 89.109 ms
GET /restaurant/lunch?hcost=800&lcost=500 304 - - 84.407 ms
GET /restaurant/drinks?hcost=800&lcost=500 200 2254 - 82.191 ms
GET /restaurant/drinks?hcost=800&lcost=500 304 - - 104.734 ms
GET /restaurant/drinks?hcost=800&lcost=500 304 - - 83.283 ms
GET /restaurant/drinks?hcost=800&lcost=500 304 - - 95.919 ms
GET /restaurant/drinks?hcost=800&lcost=500 304 - - 80.462 ms
GET /restaurant/drinks?hcost=800&lcost=500 304 - - 81.040 ms
GET /restaurant/drinks?hcost=800&lcost=500 304 - - 83.081 ms
GET /restaurant/drinks?hcost=800&lcost=500 304 - - 76.463 ms
GET /restaurant/drinks?hcost=800&lcost=500 304 - - 114.777 ms
GET /restaurant/drinks?hcost=800&lcost=500 304 - - 115.182 ms
GET /restaurant/drinks?hcost=800&lcost=500 304 - - 92.947 ms
GET /restaurant/drinks?hcost=800&lcost=500 304 - - 146.431 ms
GET /restaurant/drinks?hcost=800&lcost=500 304 - - 80.467 ms
GET /restaurant/dinner?hcost=800&lcost=500 304 - - 89.388 ms
GET /restaurant/dinner?hcost=800&lcost=500 304 - - 94.193 ms
GET /restaurant/dinner?hcost=800&lcost=500 304 - - 94.145 ms
GET /restaurant/dinner?hcost=800&lcost=500 304 - - 123.258 ms
GET /restaurant/dinner?hcost=800&lcost=500 304 - - 94.348 ms
GET /restaurant/dinner?hcost=800&lcost=500 304 - - 98.844 ms
GET /restaurant/dinner?hcost=800&lcost=500 304 - - 94.513 ms
GET /restaurant/dinner?hcost=800&lcost=500 304 - - 81.064 ms
GET /restaurant/dinner?hcost=800&lcost=500 304 - - 101.438 ms
GET /restaurant/dinner?hcost=800&lcost=500 304 - - 118.347 ms
GET /restaurant/dinner?hcost=800&lcost=500 304 - - 102.855 ms
GET /restaurant/dinner?hcost=800&lcost=500 304 - - 93.810 ms
GET /restaurant/drinks?hcost=800&lcost=500 304 - - 150.971 ms
GET /restaurant/drinks?hcost=800&lcost=500 304 - - 92.550 ms
GET /restaurant/drinks?hcost=800&lcost=500 304 - - 89.073 ms
GET /restaurant/drinks?hcost=800&lcost=500 304 - - 100.649 ms
GET /restaurant/drinks?hcost=800&lcost=500 304 - - 105.744 ms
GET /restaurant/drinks?hcost=800&lcost=500 304 - - 99.829 ms
GET /restaurant/drinks?hcost=800&lcost=500 304 - - 82.322 ms
GET /restaurant/drinks?hcost=800&lcost=500 304 - - 121.521 ms
GET /restaurant/drinks?hcost=800&lcost=500 304 - - 112.943 ms
GET /restaurant/drinks?hcost=800&lcost=500 304 - - 92.368 ms
GET /restaurant/breakfast?hcost=800&lcost=500 304 - - 134.671 ms
GET /restaurant/breakfast?hcost=800&lcost=500 304 - - 181.075 ms
GET /restaurant/breakfast?hcost=800&lcost=500 304 - - 145.370 ms
GET /restaurant/nightlife?hcost=800&lcost=500 304 - - 133.186 ms
GET /restaurant/nightlife?hcost=800&lcost=500 304 - - 343.201 ms
GET /restaurant/nightlife?hcost=800&lcost=500 304 - - 594.634 ms
GET /restaurant/nightlife?hcost=800&lcost=500 304 - - 114.817 ms
GET /restaurant/nightlife?hcost=800&lcost=500 304 - - 99.064 ms
GET /restaurant/nightlife?hcost=800&lcost=500 304 - - 93.643 ms
GET /restaurant/nightlife?hcost=800&lcost=500 304 - - 106.812 ms
GET /restaurant/nightlife?hcost=800&lcost=500 304 - - 82.752 ms
GET /restaurant/nightlife?hcost=800&lcost=500 304 - - 120.396 ms
GET /restaurant/nightlife?hcost=800&lcost=500 304 - - 93.909 ms
GET /restaurant/nightlife?hcost=800&lcost=500 304 - - 89.563 ms
GET /restaurant/nightlife?hcost=800&lcost=500 304 - - 95.651 ms
GET /restaurant/nightlife?hcost=800&lcost=500 304 - - 81.365 ms
GET /restaurant/nightlife?hcost=800&lcost=500 304 - - 68.071 ms
GET /restaurant/nightlife?hcost=800&lcost=500 304 - - 94.505 ms
GET /restaurant/nightlife?hcost=800&lcost=500 304 - - 110.033 ms
GET /restaurant/nightlife?hcost=800&lcost=500 304 - - 88.687 ms
GET /restaurant/nightlife?hcost=800&lcost=500 304 - - 86.555 ms
GET /restaurant/nightlife?hcost=800&lcost=500 304 - - 131.194 ms
GET /restaurant/nightlife?hcost=800&lcost=500 304 - - 107.578 ms
GET /restaurant/nightlife?hcost=800&lcost=500 304 - - 89.438 ms
GET /restaurant/nightlife?hcost=800&lcost=500 304 - - 112.346 ms
GET /restaurant/lunch?hcost=800&lcost=500 304 - - 75.264 ms
GET /restaurant/lunch?hcost=800&lcost=500 304 - - 116.035 ms
GET /restaurant/drinks?hcost=800&lcost=500 304 - - 99.196 ms
GET /restaurant/null?hcost=800&lcost=500 200 2 - 97.865 ms
GET /restaurant/snacks?hcost=800&lcost=500 304 - - 98.396 ms
GET /restaurant/snacks?hcost=800&lcost=500 304 - - 104.323 ms
GET /restaurant/drinks?hcost=800&lcost=500 304 - - 97.219 ms
GET /restaurant/drinks?hcost=800&lcost=500 304 - - 78.834 ms
GET /restaurant/drinks?hcost=800&lcost=500 304 - - 90.733 ms
GET /restaurant/drinks?hcost=800&lcost=500 304 - - 70.903 ms
GET /restaurant/drinks?hcost=800&lcost=500 304 - - 95.167 ms
GET /restaurant/drinks?hcost=800&lcost=500 304 - - 84.298 ms
GET /restaurant/drinks?hcost=800&lcost=500 304 - - 72.722 ms
GET /restaurant/drinks?hcost=800&lcost=500 304 - - 113.681 ms
GET /restaurant/drinks?hcost=800&lcost=500 304 - - 82.588 ms
GET /restaurant/drinks?hcost=800&lcost=500 304 - - 80.924 ms
GET /restaurant/drinks?hcost=800&lcost=500 304 - - 93.486 ms
GET /restaurant/drinks?hcost=800&lcost=500 304 - - 81.634 ms
GET /restaurant/nightlife?hcost=800&lcost=500 304 - - 99.564 ms
GET /restaurant/nightlife?hcost=800&lcost=500 304 - - 59.439 ms
GET /restaurant/nightlife?hcost=800&lcost=500 304 - - 66.416 ms
GET /restaurant/nightlife?hcost=800&lcost=500 304 - - 84.103 ms
GET /restaurant/nightlife?hcost=800&lcost=500 304 - - 78.848 ms
GET /restaurant/nightlife?hcost=800&lcost=500 304 - - 105.379 ms
GET /restaurant/nightlife?hcost=800&lcost=500 304 - - 97.594 ms
GET /restaurant/nightlife?hcost=800&lcost=500 304 - - 79.159 ms
GET /restaurant/nightlife?hcost=800&lcost=500 304 - - 95.812 ms
GET /restaurant/nightlife?hcost=800&lcost=500 304 - - 77.964 ms
GET /restaurant/nightlife?hcost=800&lcost=500 304 - - 97.963 ms
GET /restaurant/lunch?hcost=800&lcost=500 304 - - 87.944 ms
GET /restaurant/lunch?hcost=800&lcost=500 304 - - 95.139 ms
GET /restaurant/lunch?hcost=800&lcost=500 304 - - 107.767 ms
GET /restaurant/lunch?hcost=800&lcost=500 304 - - 398.940 ms
GET /restaurant/lunch?hcost=800&lcost=500 304 - - 86.379 ms
GET /restaurant/breakfast?hcost=800&lcost=500 304 - - 107.890 ms
GET /restaurant/breakfast?hcost=800&lcost=500 304 - - 80.871 ms
GET /restaurant/breakfast?hcost=800&lcost=500 304 - - 91.270 ms
GET /restaurant/breakfast?hcost=800&lcost=500 304 - - 89.647 ms
GET /restaurant/breakfast?hcost=800&lcost=500 304 - - 301.890 ms
GET /restaurant/snacks?hcost=800&lcost=500 304 - - 112.834 ms
GET /restaurant/snacks?hcost=800&lcost=500 304 - - 90.672 ms
GET /restaurant/snacks?hcost=800&lcost=500 304 - - 82.607 ms
GET /restaurant/snacks?hcost=800&lcost=500 304 - - 93.361 ms
GET /restaurant/snacks?hcost=800&lcost=500 304 - - 89.668 ms
GET /restaurant/drinks?hcost=800&lcost=500 304 - - 115.162 ms
GET /restaurant/drinks?hcost=800&lcost=500 304 - - 102.339 ms
GET /restaurant/drinks?hcost=800&lcost=500 304 - - 110.078 ms
GET /restaurant/drinks?hcost=800&lcost=500 304 - - 79.222 ms
GET /restaurant/drinks?hcost=800&lcost=500 304 - - 99.570 ms
GET /restaurant/nightlife?hcost=800&lcost=500 304 - - 96.439 ms
GET /restaurant/nightlife?hcost=800&lcost=500 304 - - 121.606 ms
GET /restaurant/nightlife?hcost=800&lcost=500 304 - - 94.327 ms
GET /restaurant/nightlife?hcost=800&lcost=500 304 - - 105.038 ms
GET /restaurant/breakfast?hcost=800&lcost=500 304 - - 79.739 ms
GET / 304 - - 12.311 ms
GET /favicon.ico 404 150 - 2.432 ms
GET /restaurant/null?hcost=800&lcost=500 304 - - 109.809 ms
GET /restaurant/breakfast?hcost=800&lcost=500 304 - - 98.733 ms
GET /restaurant/dinner?hcost=800&lcost=500 304 - - 92.625 ms
GET /restaurant/dinner?hcost=800&lcost=500 304 - - 100.440 ms
GET /restaurant/dinner?hcost=800&lcost=500 304 - - 83.842 ms
GET /restaurant/breakfast?hcost=800&lcost=500 304 - - 105.278 ms
GET /restaurant/breakfast?hcost=800&lcost=500 304 - - 69.516 ms
GET /restaurant/lunch?hcost=800&lcost=500 304 - - 92.923 ms
GET /restaurant/lunch?hcost=800&lcost=500 304 - - 94.561 ms
GET /restaurant/drinks?hcost=800&lcost=500 304 - - 107.987 ms
GET /restaurant/drinks?hcost=800&lcost=500 304 - - 108.306 ms
GET /restaurant/breakfast?hcost=800&lcost=500 304 - - 104.521 ms
GET /restaurant/nightlife?hcost=800&lcost=500 304 - - 95.842 ms
GET /restaurant/nightlife?hcost=800&lcost=500 304 - - 110.447 ms
GET /restaurant/nightlife?hcost=800&lcost=500 304 - - 961.190 ms
GET /restaurant/nightlife?hcost=800&lcost=500 304 - - 86.095 ms
GET /restaurant/nightlife?hcost=800&lcost=500 304 - - 102.272 ms
GET /restaurant/nightlife?hcost=800&lcost=500 304 - - 108.849 ms
GET /restaurant/dinner?hcost=800&lcost=500 304 - - 166.427 ms
GET /restaurant/dinner?hcost=800&lcost=500 304 - - 105.877 ms
GET /restaurant 304 - - 186.234 ms
GET /restaurant?cuisine=North%20Indain&mealtype=lunch 200 1312 - 93.966 ms
GET /restaurant 304 - - 117.379 ms
GET /restaurant?cuisine=North%20Indain 200 1871 - 98.248 ms
GET /restaurant?cuisine=North%20Indain&mealtype=lunch 304 - - 136.686 ms
GET /restaurant?cuisine=North%20Indain&mealtype=breakfast 200 1414 - 118.444 ms
GET /restaurant?cuisine=North%20Indain 304 - - 428.128 ms
GET /restaurant/dinner?hcost=800&lcost=500 304 - - 101.050 ms
GET /restaurant/dinner?hcost=800&lcost=500 304 - - 189.773 ms
GET /restaurant/dinner?hcost=800&lcost=500 304 - - 114.693 ms
GET /restaurant/dinner?hcost=800&lcost=500 304 - - 105.646 ms
GET /restaurant?cuisine=Chinese 200 2234 - 191.224 ms
GET /restaurant/dinner?hcost=800&lcost=500 304 - - 93.002 ms
GET /restaurant?cuisine=Chinese 304 - - 100.972 ms
GET /restaurant/dinner?hcost=800&lcost=500 304 - - 87.712 ms
GET /restaurant?cuisine=Chinese 304 - - 120.437 ms
GET /restaurant?cuisine=Fast%20Food 200 1371 - 101.992 ms
GET /restaurant?cuisine=North%20Indain 304 - - 104.644 ms
GET /restaurant/dinner?hcost=800&lcost=500 304 - - 258.100 ms
GET /restaurant/dinner?hcost=800&lcost=500 304 - - 120.939 ms
GET /restaurant/dinner?hcost=800&lcost=500 304 - - 102.098 ms
GET /mealtype?hcost=200&lcost=500 200 1063 - 242.011 ms
GET /restaurant/dinner?hcost=200&lcost=500 200 2 - 143.177 ms
GET /restaurant/dinner?hcost=500&lcost=100 304 - - 121.384 ms
GET /restaurant/dinner?hcost=800&lcost=500 304 - - 946.257 ms
GET /restaurant/dinner?hcost=800&lcost=500 304 - - 126.980 ms
GET /restaurant/mealtype?hcost=500&lcost=300 200 2 - 105.910 ms
GET /restaurant/dinner?hcost=800&lcost=500 304 - - 124.310 ms
GET /restaurant/mealtype?hcost=300&lcost=100 200 2 - 107.867 ms
GET /restaurant/breakfast?hcost=800&lcost=500 304 - - 116.136 ms
GET /restaurant/mealtype?hcost=800&lcost=500 200 2 - 117.548 ms
GET /restaurant/mealtype?hcost=500&lcost=300 304 - - 96.628 ms
GET /restaurant/breakfast?hcost=800&lcost=500 304 - - 89.873 ms
GET /restaurant/breakfast?hcost=500&lcost=300 200 465 - 95.283 ms
GET /restaurant/breakfast?hcost=300&lcost=100 200 950 - 131.255 ms
GET /restaurant/breakfast?hcost=800&lcost=500 304 - - 110.440 ms
GET /restaurant/breakfast?hcost=300&lcost=100 304 - - 118.342 ms
GET /restaurant/breakfast?hcost=500&lcost=300 304 - - 227.039 ms
GET /restaurant/breakfast?hcost=800&lcost=500 304 - - 105.298 ms
GET /restaurant/breakfast?hcost=1000&lcost=800 304 - - 165.633 ms
GET /restaurant/breakfast?hcost=800&lcost=500 304 - - 97.878 ms
GET /restaurant/breakfast?hcost=800&lcost=500 304 - - 76.026 ms
GET /restaurant/drinks?hcost=800&lcost=500 304 - - 104.626 ms
GET /restaurant?cuisine=North%20Indain 304 - - 88.782 ms
GET /restaurant?cuisine=South%20Indian 200 2241 - 112.098 ms
GET /restaurant?cuisine=Chinese 304 - - 139.982 ms
GET /restaurant/drinks?hcost=800&lcost=500 304 - - 150.934 ms
GET /restaurant/drinks?hcost=800&lcost=500 304 - - 105.407 ms
GET /restaurant/drinks?hcost=800&lcost=500 304 - - 223.840 ms
GET /restaurant/drinks?hcost=500&lcost=300 200 448 - 154.149 ms
GET /restaurant/drinks?hcost=800&lcost=500 304 - - 138.604 ms
GET /restaurant/drinks?hcost=1000&lcost=800 200 2 - 104.811 ms
GET /restaurant/drinks?hcost=300&lcost=100 200 455 - 202.495 ms
GET /restaurant/drinks?hcost=800&lcost=500 304 - - 92.143 ms
GET /restaurant/drinks?hcost=300&lcost=100 304 - - 95.456 ms
GET /restaurant/drinks?hcost=500&lcost=300 304 - - 97.939 ms
GET /restaurant/drinks?hcost=800&lcost=500 304 - - 110.384 ms
GET /restaurant/drinks?hcost=800&lcost=500 304 - - 145.737 ms
GET /restaurant/drinks?hcost=300&lcost=100 304 - - 350.460 ms
GET /restaurant/drinks?hcost=500&lcost=300 304 - - 105.376 ms
GET /restaurant/drinks?hcost=800&lcost=500 304 - - 135.382 ms
GET /restaurant/drinks?hcost=800&lcost=500 304 - - 94.352 ms
GET /restaurant/breakfast?hcost=800&lcost=500 304 - - 105.229 ms
GET /restaurant/breakfast?hcost=500&lcost=300 304 - - 103.266 ms
GET /restaurant/breakfast?hcost=800&lcost=500 304 - - 108.138 ms
GET /restaurant/breakfast?hcost=800&lcost=500 304 - - 86.490 ms
GET /restaurant/breakfast?hcost=800&lcost=500 304 - - 91.278 ms
GET /restaurant/dinner?hcost=800&lcost=500 304 - - 111.078 ms
GET /restaurant/dinner?hcost=800&lcost=500 304 - - 91.251 ms
GET /restaurant/dinner?hcost=300&lcost=100 200 496 - 124.823 ms
GET /restaurant/dinner?hcost=500&lcost=300 200 465 - 95.567 ms
GET /restaurant/dinner?hcost=800&lcost=500 304 - - 98.214 ms
GET /restaurant/dinner?hcost=800&lcost=500 304 - - 124.682 ms
GET /restaurant/nightlife?hcost=800&lcost=500 304 - - 101.636 ms
GET /restaurant/dinner?hcost=500&lcost=100 304 - - 143.719 ms
GET /restaurant/?mealtype=breakfast&cuisine=Chinese 200 1414 - 95.226 ms
GET /restaurant/?mealtype=breakfast&cuisine=Chinese 304 - - 123.381 ms
GET /restaurant/breakfast 200 5425 - 111.063 ms
GET /restaurant/breakfast&cuisine=Chinese 200 5425 - 129.975 ms
GET /restaurant/breakfast?cuisine=Chinese 200 496 - 114.706 ms
GET /restaurant/nightlife?hcost=800&lcost=500 304 - - 130.650 ms
GET /restaurant/breakfast?cuisine=Chinese 304 - - 93.526 ms
GET /restaurant/breakfast?cuisine=Fast%20Food 200 465 - 259.422 ms
GET /restaurant/breakfast?cuisine=Fast%20Food 304 - - 192.027 ms
GET /restaurant/breakfast?cuisine=North%20Indain 200 960 - 104.514 ms
GET /restaurant/breakfast?cuisine=South%20Indian 200 455 - 181.486 ms
GET /restaurant/breakfast?hcost=300&lcost=100 304 - - 89.293 ms
GET /restaurant/breakfast?hcost=800&lcost=500 304 - - 174.211 ms
GET /restaurant/breakfast?hcost=800&lcost=500 304 - - 94.992 ms
GET /restaurant/drinks?hcost=800&lcost=500 304 - - 94.341 ms
GET /restaurant/drinks?cuisine=North%20Indain 200 912 - 94.807 ms
GET /restaurant/drinks?cuisine=Chinese 200 428 - 104.365 ms
GET /restaurant/drinks?hcost=800&lcost=500 304 - - 86.028 ms
GET /restaurant/drinks?hcost=800&lcost=500 304 - - 101.989 ms
GET /restaurant/drinks?hcost=300&lcost=100 304 - - 102.712 ms
GET /restaurant/drinks?hcost=500&lcost=300 304 - - 121.728 ms
GET /restaurant/drinks?hcost=800&lcost=500 304 - - 108.325 ms
GET /restaurant/drinks?hcost=800&lcost=500 304 - - 69.705 ms
GET /restaurant/drinks?cuisine=North%20Indain 304 - - 91.436 ms
GET /restaurant/drinks?hcost=800&lcost=500 304 - - 91.933 ms
GET /restaurant/drinks?cuisine=North%20Indain 304 - - 107.199 ms
GET /restaurant/drinks?hcost=800&lcost=500 304 - - 102.582 ms
GET /restaurant/drinks?cuisine=Chinese 304 - - 111.140 ms
GET /restaurant/drinks?hcost=800&lcost=500 304 - - 138.749 ms
GET /restaurant/drinks?hcost=800&lcost=500 304 - - 130.181 ms
GET /restaurant/drinks?hcost=300&lcost=100 304 - - 99.266 ms
GET /restaurant/drinks?cuisine=North%20Indain 304 - - 95.073 ms
GET /restaurant/drinks?hcost=800&lcost=500 304 - - 80.855 ms
GET /restaurant/drinks?hcost=800&lcost=500 304 - - 93.590 ms
GET /restaurant/drinks?hcost=800&lcost=500 304 - - 69.311 ms
GET /restaurant/drinks?hcost=800&lcost=500 304 - - 109.029 ms
GET /restaurant/lunch?hcost=800&lcost=500 304 - - 83.408 ms
GET /restaurant/lunch?cuisine=North%20Indain 200 2 - 94.100 ms
GET /restaurant/lunch?cuisine=North%20Indain 304 - - 91.556 ms
GET /restaurant/lunch?cuisine=South%20Indian 200 878 - 88.522 ms
GET /restaurant/lunch?cuisine=South%20Indian 304 - - 88.374 ms
GET /restaurant/lunch?cuisine=Chinese 200 1312 - 78.373 ms
GET /restaurant/lunch?cuisine=Chinese 304 - - 90.950 ms
GET /restaurant/lunch?cuisine=Fast%20Food 200 2 - 91.849 ms
GET /restaurant/lunch?cuisine=Fast%20Food 304 - - 92.142 ms
GET /restaurant/lunch?cuisine=Chinese 304 - - 95.595 ms
GET /restaurant/lunch?cuisine=Chinese 304 - - 96.353 ms
GET /restaurant/lunch?hcost=300&lcost=100 200 2 - 84.893 ms
GET /restaurant/lunch?hcost=500&lcost=300 200 878 - 84.947 ms
GET /restaurant/lunch?hcost=800&lcost=500 304 - - 83.966 ms
GET /restaurant/breakfast?hcost=800&lcost=500 304 - - 117.047 ms
GET /restaurant/breakfast?cuisine=North%20Indain 304 - - 106.961 ms
GET /restaurant/breakfast?cuisine=South%20Indian 304 - - 117.088 ms
GET /restaurant/breakfast?cuisine=Chinese 304 - - 118.063 ms
GET /restaurant/breakfast?cuisine=Chinese 304 - - 88.543 ms
GET /restaurant/breakfast?cuisine=Chinese 304 - - 109.091 ms
GET /restaurant/breakfast?cuisine=Chinese 304 - - 98.002 ms
GET /restaurant/breakfast?cuisine=South%20Indian 304 - - 91.182 ms
GET /restaurant/breakfast?cuisine=South%20Indian 304 - - 76.556 ms
GET /restaurant/breakfast?cuisine=South%20Indian 304 - - 110.743 ms
GET /restaurant/breakfast?cuisine=North%20Indain 304 - - 89.621 ms
GET /restaurant/breakfast?hcost=300&lcost=100 304 - - 114.408 ms
GET /restaurant/breakfast?hcost=500&lcost=300 304 - - 107.569 ms
GET /restaurant/breakfast?hcost=800&lcost=500 304 - - 99.406 ms
GET /restaurant/breakfast?hcost=800&lcost=500 304 - - 72.966 ms
GET / 304 - - 5.231 ms
GET /favicon.ico 404 150 - 2.415 ms
GET /restaurant 304 - - 129.270 ms
GET /restaurant 304 - - 80.042 ms
GET /restaurant?cuisine=North%20Indain 304 - - 87.145 ms
GET /restaurant?mealtype=dinner 304 - - 88.440 ms
GET /restaurant/null?hcost=500&lcost=100 200 2 - 77.309 ms
GET /restaurant/breakfast?hcost=500&lcost=100 304 - - 102.144 ms
GET /restaurant/breakfast?hcost=300&lcost=100 304 - - 99.221 ms
GET /restaurant/breakfast?hcost=500&lcost=300 304 - - 139.894 ms
GET /restaurant/breakfast?cuisine=South%20Indian 304 - - 109.482 ms
GET /restaurant/breakfast?cuisine=North%20Indain 304 - - 113.555 ms
GET /restaurant/breakfast?cuisine=Chinese 304 - - 104.176 ms
GET /restaurant/breakfast?hcost=500&lcost=100 304 - - 116.831 ms
GET /restaurant/breakfast?hcost=500&lcost=100 304 - - 102.202 ms
GET /restaurant/breakfast?hcost=500&lcost=100 304 - - 96.878 ms
GET /restaurant/breakfast?hcost=500&lcost=100 304 - - 169.676 ms
GET /restaurant/breakfast?hcost=500&lcost=100 304 - - 129.576 ms
GET /restaurant/drinks?hcost=500&lcost=100 200 902 - 174.194 ms
GET /restaurant/drinks?hcost=500&lcost=100 304 - - 158.290 ms
GET /restaurant/drinks?hcost=500&lcost=300 304 - - 139.755 ms
GET /restaurant/drinks?hcost=300&lcost=100 304 - - 3004.287 ms
GET /restaurant/drinks?hcost=800&lcost=500 304 - - 137.709 ms
GET /restaurant/drinks?hcost=1000&lcost=800 304 - - 106.109 ms
GET /restaurant/drinks?cuisine=Street%20Food 200 907 - 141.196 ms
GET /restaurant/drinks?cuisine=Fast%20Food 200 907 - 112.404 ms
GET /restaurant/drinks?cuisine=Fast%20Food 304 - - 113.900 ms
GET /restaurant/drinks?cuisine=Fast%20Food 304 - - 125.092 ms
GET /restaurant/drinks?cuisine=North%20Indain 304 - - 130.949 ms
GET /restaurant/drinks?cuisine=South%20Indian 200 1364 - 102.194 ms
GET /restaurant/drinks?hcost=500&lcost=100 304 - - 118.697 ms
GET /restaurant/drinks?hcost=500&lcost=100 304 - - 94.221 ms
GET /restaurant/drinks?hcost=500&lcost=100 304 - - 133.557 ms
GET /restaurant/lunch?hcost=500&lcost=100 200 878 - 158.938 ms
GET /restaurant/snacks?hcost=500&lcost=100 200 2 - 101.136 ms
GET /restaurant/snacks?hcost=500&lcost=300 200 2 - 110.091 ms
GET /restaurant/snacks?hcost=800&lcost=500 304 - - 109.874 ms
GET /restaurant/snacks?cuisine=South%20Indian 200 454 - 114.028 ms
GET /restaurant/snacks?cuisine=Chinese 200 428 - 115.506 ms
GET /restaurant/snacks?cuisine=North%20Indain 200 454 - 106.386 ms
GET /restaurant/snacks?cuisine=Fast%20Food 200 2 - 124.620 ms
GET /restaurant/snacks?hcost=500&lcost=100 304 - - 119.649 ms
GET /restaurant?mealtype=dinner 304 - - 163.635 ms
GET /restaurant 304 - - 135.248 ms
GET /restaurant/dinner?city=Delhi 200 960 - 118.467 ms
GET /restaurant/breakfast?city=Delhi 200 960 - 121.580 ms
GET /restaurant/drinks?city=Delhi 200 1790 - 118.403 ms
GET /restaurant/snacks?hcost=500&lcost=100 304 - - 84.747 ms
GET /restaurant/snacks?hcost=500&lcost=100 304 - - 81.435 ms
GET /restaurant/snacks?hcost=500&lcost=100 304 - - 84.375 ms
GET /restaurant/snacks?hcost=500&lcost=100 304 - - 96.193 ms
GET /restaurant/snacks?hcost=500&lcost=100 304 - - 109.539 ms
GET /restaurant/snacks?hcost=500&lcost=100 304 - - 103.848 ms
GET /restaurant/snacks?hcost=500&lcost=100 304 - - 113.300 ms
GET /restaurant/snacks?hcost=500&lcost=100 304 - - 99.468 ms
GET /restaurant/snacks?hcost=500&lcost=100 304 - - 193.560 ms
GET /restaurant/snacks?hcost=500&lcost=100 304 - - 96.250 ms
GET /restaurant/snacks?hcost=500&lcost=100 304 - - 116.368 ms
GET /restaurant/snacks?hcost=500&lcost=100 304 - - 103.691 ms
GET /restaurant/snacks?hcost=500&lcost=100 304 - - 107.853 ms
GET /restaurant/snacks?hcost=500&lcost=100 304 - - 107.705 ms
GET /restaurant/Delhi?hcost=500&lcost=100 200 2 - 90.446 ms
GET /restaurant?city=Delhi 200 3626 - 143.437 ms
GET /restaurant/Delhi?hcost=500&lcost=100 304 - - 103.394 ms
GET /restaurant/Delhi?cuisine=North%20Indain 200 2 - 120.085 ms
GET /restaurant/Delhi?cuisine=South%20Indian 200 2 - 100.263 ms
GET /restaurant/Delhi?cuisine=Chinese 200 2 - 137.504 ms
GET /restaurant/Delhi?cuisine=Fast%20Food 200 2 - 83.171 ms
GET /restaurant/Delhi?cuisine=Street%20Food 200 2 - 105.840 ms
GET /restaurant/Delhi?hcost=500&lcost=100 304 - - 179.096 ms
GET /restaurant/Delhi?hcost=500&lcost=100 304 - - 1491.779 ms
GET /restaurant/breakfast?hcost=500&lcost=100 304 - - 407.488 ms
GET /restaurant/breakfast?cuisine=Chinese 304 - - 119.876 ms
GET /restaurant/breakfast?hcost=500&lcost=100 304 - - 385.809 ms
GET /restaurant/breakfast?hcost=500&lcost=300 304 - - 119.615 ms
GET /restaurant/breakfast?hcost=500&lcost=100 304 - - 399.491 ms
GET /restaurant/snacks?hcost=500&lcost=100 304 - - 74.832 ms
GET /restaurant/snacks?hcost=500&lcost=100 304 - - 396.005 ms
GET /restaurant/snacks?hcost=500&lcost=100 304 - - 83.740 ms
GET /restaurant/snacks?hcost=500&lcost=100 304 - - 88.954 ms
GET /restaurant/snacks?hcost=500&lcost=100 304 - - 81.674 ms
GET /restaurant/snacks?cuisine=North%20Indain 304 - - 101.775 ms
GET /restaurant/snacks?hcost=500&lcost=100 304 - - 105.434 ms
GET /restaurant/snacks?hcost=500&lcost=100 304 - - 105.552 ms
GET /restaurant/?hcost=500&lcost=100 200 5425 - 106.066 ms
GET /restaurant/?hcost=500&lcost=100 304 - - 81.556 ms
GET /restaurant/?hcost=500&lcost=100 304 - - 108.699 ms
GET /restaurant/breakfast?hcost=500&lcost=100 304 - - 92.270 ms
GET /restaurant/breakfast?hcost=500&lcost=100 304 - - 113.911 ms
GET /restaurant/dinner?hcost=500&lcost=100 304 - - 98.496 ms
GET /restaurant/dinner?hcost=500&lcost=100 304 - - 105.478 ms
GET /restaurant/nightlife?hcost=500&lcost=100 200 448 - 97.015 ms
GET /restaurant?cuisine=North%20Indain 304 - - 56.584 ms
GET /restaurant?cuisine=North%20Indain 304 - - 472.945 ms
GET /restaurant?hcost=450&lcost=230 304 - - 111.765 ms
GET /restaurant?hcost=500&lcost=200 200 2738 - 98.264 ms
GET /restaurant/nightlife?hcost=500&lcost=100 304 - - 106.812 ms
GET /restaurant/?hcost=300&lcost=100 200 950 - 79.662 ms
GET /restaurant?hcost=300&lcost=100 200 950 - 101.818 ms
GET /restaurant/?hcost=500&lcost=300 200 1789 - 284.914 ms
GET /restaurant/?hcost=800&lcost=500 200 2688 - 117.512 ms
GET /restaurant/?hcost=1000&lcost=800 200 2 - 96.480 ms
GET /restaurant?hcost=500&lcost=100 200 2738 - 89.141 ms
GET /restaurant/?hcost=300&lcost=100 304 - - 294.720 ms
GET /restaurant?hcost=500&lcost=100 304 - - 599.781 ms
GET /restaurant?hcost=500&lcost=100 304 - - 106.260 ms
GET /restaurant??cuisine=South%20Indian 200 5425 - 106.015 ms
GET /restaurant?hcost=500&lcost=100 304 - - 103.602 ms
GET /restaurant?cuisine=Chinese 304 - - 102.426 ms
GET /restaurant?hcost=500&lcost=100 304 - - 422.768 ms
GET /restaurant?cuisine=South%20Indian 304 - - 107.160 ms
GET /restaurant?cuisine=North%20Indain 304 - - 110.835 ms
GET /restaurant?cuisine=Street%20Food 200 907 - 105.730 ms
GET /restaurant?hcost=500&lcost=100 304 - - 83.044 ms
GET /restaurant?cuisine=Fast%20Food 304 - - 98.192 ms
GET /restaurant?hcost=500&lcost=100 304 - - 111.524 ms
GET /restaurant?hcost=500&lcost=100 304 - - 90.370 ms
GET /restaurant?hcost=500&lcost=300 200 1789 - 141.741 ms
GET /restaurant?hcost=800&lcost=500 200 2688 - 104.484 ms
GET /restaurant?hcost=1000&lcost=800 200 2 - 102.069 ms
GET /restaurant?hcost=300&lcost=100 304 - - 107.262 ms
GET /restaurant?hcost=500&lcost=100 304 - - 98.628 ms
GET /restaurant?hcost=500&lcost=100 304 - - 213.431 ms
GET /restaurant/nightlife?hcost=500&lcost=100 304 - - 81.254 ms
GET /restaurant/nightlife?hcost=800&lcost=500 304 - - 102.749 ms
GET /restaurant/nightlife?hcost=500&lcost=300 200 448 - 155.931 ms
GET /restaurant/nightlife?cuisine=Chinese 200 2 - 74.615 ms
GET /restaurant/nightlife?cuisine=South%20Indian 200 457 - 91.452 ms
GET /restaurant/nightlife?hcost=500&lcost=100 304 - - 96.020 ms
GET /restaurant/nightlife?hcost=500&lcost=100 304 - - 69.415 ms
GET /restaurant/nightlife?hcost=800&lcost=500 304 - - 70.854 ms
GET /restaurant/nightlife?hcost=1000&lcost=800 200 2 - 99.321 ms
GET /restaurant/nightlife?hcost=500&lcost=100 304 - - 564.869 ms
GET /restaurant/nightlife?cuisine=Street%20Food 200 907 - 110.669 ms
GET /restaurant/nightlife?cuisine=Chinese 304 - - 80.809 ms
GET /restaurant/nightlife?hcost=500&lcost=100 304 - - 101.603 ms
GET /restaurant/nightlife?hcost=500&lcost=100 304 - - 101.822 ms
GET /restaurant?hcost=500&lcost=100 304 - - 103.957 ms
GET /restaurant/null?hcost=500&lcost=100 304 - - 116.202 ms
GET /restaurant?hcost=500&lcost=100 304 - - 132.824 ms
GET /restaurant?cuisine=North%20Indain 304 - - 96.288 ms
GET /restaurant?cuisine=Chinese 304 - - 92.431 ms
GET /restaurant?cuisine=Street%20Food 304 - - 102.050 ms
GET /restaurant?hcost=500&lcost=100 304 - - 81.245 ms
GET /restaurant?hcost=500&lcost=300 304 - - 101.490 ms
GET /restaurant?hcost=1000&lcost=800 304 - - 96.729 ms
GET /restaurant?hcost=800&lcost=500 304 - - 171.494 ms
GET /restaurant?hcost=500&lcost=100 304 - - 407.151 ms
GET /restaurant?hcost=500&lcost=100 304 - - 113.682 ms
GET /restaurant?hcost=500&lcost=100 304 - - 433.511 ms
GET /restaurant?hcost=500&lcost=100 304 - - 221.223 ms
GET /restaurant?cuisine=South%20Indian 304 - - 253.698 ms
GET /restaurant?hcost=500&lcost=100 304 - - 123.555 ms
GET /restaurant/null?hcost=500&lcost=100 304 - - 192.339 ms
GET /restaurant/lunch?hcost=500&lcost=100 304 - - 112.117 ms
GET / 304 - - 4.310 ms
GET /favicon.ico 404 150 - 3.586 ms
GET /location 200 320 - 117.800 ms
GET /restaurant/null?hcost=500&lcost=100 304 - - 106.343 ms
GET /restaurant?hcost=500&lcost=100 304 - - 102.085 ms
GET /restaurant?cuisine=North%20Indain 304 - - 133.084 ms
GET /restaurant?cuisine=South%20Indian 304 - - 94.893 ms
GET /restaurant?cuisine=Fast%20Food 304 - - 283.112 ms
GET /restaurant?cuisine=Chinese 304 - - 107.979 ms
GET /restaurant?hcost=500&lcost=100 304 - - 103.638 ms
GET /restaurant?hcost=300&lcost=100 304 - - 102.353 ms
GET /restaurant?hcost=500&lcost=300 304 - - 87.071 ms
GET /restaurant?hcost=800&lcost=500 304 - - 106.617 ms
GET /restaurant?hcost=1000&lcost=800 304 - - 183.632 ms
GET /restaurant?hcost=500&lcost=100 304 - - 86.041 ms
GET /restaurant?hcost=500&lcost=100 304 - - 160.137 ms
GET /restaurant/nightlife?hcost=500&lcost=100 304 - - 97.011 ms
GET /restaurant/null?hcost=500&lcost=100 304 - - 116.832 ms
GET /restaurant?hcost=500&lcost=100 304 - - 89.314 ms
GET /restaurant?cuisine=Chinese 304 - - 103.840 ms
GET /restaurant?cuisine=Fast%20Food 304 - - 104.972 ms
GET /restaurant?hcost=500&lcost=100 304 - - 116.129 ms
GET /restaurant?hcost=500&lcost=100 304 - - 91.669 ms
GET /restaurant/nightlife?hcost=500&lcost=100 304 - - 83.026 ms
GET /restaurant/nightlife?hcost=500&lcost=100 304 - - 99.440 ms
GET /restaurant?hcost=500&lcost=100 304 - - 97.054 ms
GET / 304 - - 6.807 ms
GET /favicon.ico 404 150 - 2.344 ms
GET /restaurant 200 5425 - 177.010 ms
GET /restaurant 200 5425 - 477.554 ms
GET /restaurant 304 - - 173.864 ms
GET /restaurant 304 - - 274.820 ms
GET /restaurant?hcost=500&lcost=100 304 - - 80.809 ms
GET /restaurant?hcost=500&lcost=100 304 - - 115.970 ms
GET /restaurant?hcost=500&lcost=100 304 - - 125.171 ms
GET /restaurant/null?hcost=500&lcost=100 200 2 - 91.300 ms
GET /restaurant/breakfast?hcost=500&lcost=100 200 1414 - 271.615 ms
GET / 200 140 - 15.776 ms
GET /favicon.ico 404 150 - 6.749 ms
GET /restaurant 200 5425 - 144.330 ms
GET /restaurant 304 - - 133.227 ms
GET /restaurant?mealtype=dinner 200 5425 - 119.827 ms
GET /restaurant?mealtype=snacks 200 5425 - 131.824 ms
GET /restaurant?mealtype=snacks&sort=1 200 881 - 104.414 ms
GET /restaurant?mealtype=snacks&sort=-1 200 881 - 115.126 ms
GET /restaurant/breakfast?hcost=500&lcost=100 304 - - 115.307 ms
GET /restaurant?hcost=500&lcost=100 200 2738 - 88.442 ms
GET /restaurant 304 - - 127.034 ms
GET /restaurant?sort=1 200 5425 - 135.584 ms
GET /restaurant?hcost=500&lcost=100 304 - - 108.049 ms
GET /restaurant 304 - - 640.743 ms
GET /restaurant?hcost=500&lcost=100 304 - - 94.114 ms
GET /restaurant 304 - - 89.168 ms
GET /restaurant?sort=1 304 - - 96.315 ms
GET /restaurant?sort=-1 200 5425 - 100.885 ms
GET /restaurant?sort=1 304 - - 94.143 ms
GET /restaurant?hcost=500&lcost=100 304 - - 149.672 ms
GET /restaurant 304 - - 729.714 ms
GET /restaurant?hcost=500&lcost=300 200 1789 - 108.709 ms
GET /restaurant?cuisine=Fast%20Food 200 1371 - 100.373 ms
GET /restaurant?sort=1 304 - - 111.601 ms
GET /restaurant?sort=-1 304 - - 102.601 ms
GET /restaurant?sort=1 304 - - 119.618 ms
GET /restaurant?sort=1 304 - - 107.667 ms
GET /restaurant?cuisine=Street%20Food 200 907 - 126.303 ms
GET /restaurant?hcost=500&lcost=100 304 - - 95.425 ms
GET /restaurant 304 - - 88.606 ms
GET /restaurant?sort=1 304 - - 98.891 ms
GET /restaurant?sort=-1 304 - - 136.510 ms
GET /restaurant?sort=1 304 - - 134.337 ms
GET /restaurant 304 - - 118.030 ms
GET /restaurant/dinner?sort=1 200 5425 - 113.395 ms
GET /restaurant/dinner 200 5425 - 145.725 ms
GET /restaurant/dinner 304 - - 231.032 ms
GET /restaurant/dinner 304 - - 134.284 ms
GET /restaurant/dinner?sort=1 200 1394 - 99.907 ms
GET /restaurant?hcost=500&lcost=100 304 - - 162.661 ms
GET /restaurant?hcost=500&lcost=100 304 - - 115.685 ms
GET /restaurant?mealtype=breakfast 200 1414 - 673.565 ms
GET /restaurant?sort=1 304 - - 113.574 ms
GET /restaurant?sort=1 304 - - 110.950 ms
GET /restaurant/breakfast?hcost=500&lcost=100 304 - - 106.811 ms
GET /restaurant 304 - - 91.246 ms
GET /restaurant?sort=1 304 - - 138.636 ms
GET /restaurant?sort=-1 304 - - 104.076 ms
GET /restaurant?hcost=500&lcost=100 304 - - 413.698 ms
GET /restaurant?mealtype=lunch 200 1312 - 399.794 ms
GET /restaurant/lunch?sort=1 200 1312 - 138.086 ms
GET /restaurant/lunch?sort=-1 200 1312 - 92.695 ms
GET /restaurant/lunch?hcost=500&lcost=100 200 878 - 105.208 ms
GET /restaurant?mealtype=nightlife 200 1821 - 80.805 ms
GET /restaurant/nightlife?sort=1 200 1821 - 118.969 ms
GET /restaurant/nightlife?sort=-1 200 1821 - 88.118 ms
GET /restaurant?mealtype=nightlife 304 - - 74.634 ms
GET /restaurant/nightlife?hcost=500&lcost=100 200 448 - 86.982 ms
GET /restaurant?mealtype=nightlife 304 - - 88.747 ms
GET /restaurant/nightlife?hcost=500&lcost=100 304 - - 104.794 ms
GET /restaurant/nightlife?hcost=500&lcost=100 304 - - 100.315 ms
GET /restaurant?mealtype=lunch 304 - - 84.187 ms
GET /restaurant/lunch?cuisine=Fast%20Food 200 2 - 95.776 ms
GET /restaurant/lunch?cuisine=Chinese 200 1312 - 96.175 ms
GET /restaurant/lunch?hcost=500&lcost=300 200 878 - 189.478 ms
GET /restaurant/lunch?sort=-1 304 - - 135.983 ms
GET /restaurant?mealtype=lunch 304 - - 85.852 ms
GET /restaurant/lunch?hcost=500&lcost=100 304 - - 97.725 ms
GET /restaurant/dinner?sort=1 304 - - 95.392 ms
GET /restaurant/lunch?hcost=500&lcost=100 304 - - 92.548 ms
GET /restaurant?mealtype=lunch 304 - - 99.814 ms
GET /restaurant/lunch?sort=1 304 - - 94.205 ms
GET /restaurant?hcost=500&lcost=100 304 - - 158.600 ms
GET /restaurant 304 - - 494.656 ms
GET /restaurant?sort=1 304 - - 110.970 ms
GET /restaurant?hcost=500&lcost=100 304 - - 111.247 ms
GET /restaurant 304 - - 666.642 ms
GET /restaurant?sort=-1 304 - - 130.327 ms
GET /restaurant?sort=1 304 - - 122.697 ms
GET /restaurant?hcost=500&lcost=100 304 - - 113.418 ms
GET /restaurant?mealtype=drinks 200 3155 - 110.605 ms
GET /restaurant/drinks?hcost=500&lcost=100 200 902 - 92.037 ms
GET /restaurant?mealtype=drinks 304 - - 87.032 ms
GET /restaurant/drinks?hcost=500&lcost=100 304 - - 87.238 ms
GET /restaurant?mealtype=nightlife 304 - - 82.004 ms
GET /restaurant/nightlife?sort=-1 304 - - 96.399 ms
GET /restaurant/nightlife?hcost=500&lcost=100 304 - - 101.727 ms
GET /restaurant 304 - - 119.365 ms
GET /restaurant?hcost=500&lcost=100 304 - - 120.163 ms
GET /restaurant 304 - - 103.850 ms
GET / 304 - - 3.807 ms
GET /favicon.ico 404 150 - 5.628 ms
GET /restaurant 304 - - 203.721 ms
GET /restaurant?city=Mumbai 200 5425 - 131.719 ms
GET /restaurant?city=Mumbai 200 435 - 94.713 ms
GET / 304 - - 8.125 ms
GET /restaurant 304 - - 129.005 ms
GET /restaurant/Gulab 200 5425 - 94.354 ms
GET /restaurant/Gulab 304 - - 88.142 ms
GET /restaurant/Gulab 304 - - 132.712 ms
GET /restaurant/Gulab 304 - - 103.827 ms
GET /mealtype 200 1063 - 152.254 ms
GET /restaurant 304 - - 85.929 ms
GET /restaurant/breakfast 200 5425 - 96.591 ms
GET /restaurant/breakfast?sort=1 200 1414 - 105.123 ms
GET /restaurant/breakfast?city=Delhi 200 960 - 95.355 ms
GET /restaurant/Food%20Adda 200 5425 - 94.924 ms
GET /restaurant/Food%20Adda 200 435 - 101.687 ms
GET /restaurant/Saravana%20Bhavan 200 457 - 115.536 ms
GET /restaurant/Apna%20Punjab 200 454 - 93.390 ms
GET /restaurant/Food%20Adda 304 - - 90.249 ms
GET /restaurant/details/Food%20Adda 200 435 - 110.398 ms
GET /restaurant/details/AMA%20Cafe 200 441 - 109.402 ms
GET / 200 140 - 6.644 ms
GET /favicon.ico 404 150 - 18.292 ms
GET /location 200 320 - 139.421 ms
GET /location/1 404 149 - 5.535 ms
GET /location 304 - - 114.057 ms
DELETE /location/2 200 8 - 211.675 ms
GET /location 304 - - 102.788 ms
DELETE /location/2 200 8 - 140.389 ms
GET /location 304 - - 110.663 ms
DELETE /location/2 200 8 - 221.941 ms
GET /location 304 - - 99.102 ms
DELETE /location/3 200 8 - 133.054 ms
GET /location 304 - - 88.456 ms
DELETE /location/3 500 1394 - 45.954 ms
DELETE /location/4 500 1394 - 2.045 ms
DELETE /location/4 500 1394 - 1.435 ms
DELETE /location/5 500 1394 - 1.362 ms
DELETE /location/5 200 8 - 122.445 ms
GET /location 304 - - 1533.604 ms
DELETE /deletelocation/5 200 8 - 139.780 ms
GET /location 304 - - 96.340 ms
DELETE /deletelocation/5 200 8 - 422.437 ms
GET /favicon.ico 404 150 - 3.917 ms
GET /location 200 253 - 100.042 ms
POST /location 200 16 - 115.456 ms
DELETE /location/5 200 8 - 145.154 ms
GET /location 200 324 - 115.274 ms
POST /location 200 16 - 229.984 ms
GET /location 200 390 - 116.175 ms
DELETE /location/6 200 8 - 89.626 ms
GET /location 200 324 - 90.739 ms
DELETE /location/5 200 8 - 379.322 ms
POST /location 200 16 - 181.389 ms
GET /location 200 322 - 115.443 ms
DELETE /location/undefined 200 16 - 119.330 ms
GET /location 304 - - 166.339 ms
DELETE /location/undefined 200 16 - 98.596 ms
GET /location 304 - - 102.214 ms
DELETE /location/5 200 8 - 112.537 ms
POST /location 200 16 - 150.169 ms
GET /mel 404 142 - 8.005 ms
GET /mealtype 200 1063 - 72.065 ms
POST /mealtype 200 16 - 84.450 ms
DELETE /mealtype/8 200 8 - 77.902 ms
POST /mealtype 200 16 - 80.626 ms
DELETE /mealtype/7 200 8 - 119.083 ms
GET /order 200 1471 - 122.788 ms
GET /order 304 - - 99.995 ms
DELETE /order/5f8fdccb5439a20017377f97 200 9 - 100.699 ms
DELETE /order/5f8fdccb5439a20017377f97 200 9 - 103.014 ms
DELETE /order/5f8fdccb5439a20017377f97 200 9 - 106.756 ms
DELETE /order/5f8fdccb5439a20017377f97 200 9 - 96.540 ms
DELETE /order/undefined 200 9 - 101.618 ms
DELETE /order/5f8fdccb5439a20017377f97 200 9 - 97.372 ms
DELETE /order/5f8d95f92b23e70017bd98f5 200 9 - 100.385 ms
DELETE /order/5f8d95f92b23e70017bd98f5 200 9 - 145.359 ms
DELETE /order/undefined 200 9 - 94.247 ms
DELETE /order/NaN 200 9 - 106.573 ms
DELETE /order/NaN 200 9 - 114.614 ms
DELETE /order/24 200 9 - 127.415 ms
DELETE /order/NaN 200 9 - 115.513 ms
DELETE /order/NaN 200 9 - 110.674 ms
DELETE /order/5f8c4d17fe7a240017d1d7a9 200 9 - 115.096 ms
DELETE /order/5f8fdccb5439a20017377f97 200 9 - 133.993 ms
DELETE /order/5f8ae3a74735410017d993cf 200 9 - 217.254 ms
GET /order 304 - - 105.785 ms
DELETE /order/464 200 9 - 226.738 ms
GET /order 200 1289 - 135.475 ms
DELETE /order/24 200 9 - 116.801 ms
DELETE /order/781 200 9 - 111.328 ms
DELETE /order/585 200 9 - 90.340 ms
DELETE /order/961 200 9 - 125.784 ms
DELETE /order/456 200 9 - 116.901 ms
DELETE /order/218 200 9 - 98.819 ms
DELETE /order/815 200 9 - 114.232 ms
DELETE /order/ 404 148 - 20.665 ms
DELETE /order/ 404 148 - 0.736 ms
DELETE /order/ 404 148 - 0.916 ms
GET /order 200 179 - 109.235 ms
DELETE /order/59 200 9 - 96.328 ms
GET /order 304 - - 109.302 ms
DELETE /order/59 200 9 - 92.399 ms
GET /order 304 - - 105.864 ms
GET /order 304 - - 100.535 ms
GET /order 304 - - 93.110 ms
DELETE /order/294 200 9 - 104.099 ms
DELETE /order/294 200 9 - 106.399 ms
DELETE /order/294 200 9 - 109.998 ms
DELETE /order/294 200 9 - 110.574 ms
GET /order 200 371 - 96.891 ms
GET /order 304 - - 104.860 ms
DELETE /order/294 200 9 - 114.167 ms
GET /order 304 - - 117.952 ms
GET /order 304 - - 145.056 ms
DELETE /order/294 200 9 - 215.951 ms
GET /order 304 - - 82.501 ms
GET /order 304 - - 88.564 ms
GET /order 304 - - 102.219 ms
GET /order 304 - - 78.401 ms
GET /order 304 - - 91.722 ms
GET /order 304 - - 82.141 ms
GET /order 304 - - 88.137 ms
GET /order 304 - - 83.051 ms
GET /order 304 - - 96.790 ms
GET /order 304 - - 74.660 ms
GET /order 304 - - 94.764 ms
GET /order 304 - - 104.729 ms
DELETE /order/59 200 9 - 90.649 ms
POST /location 200 16 - 126.519 ms
DELETE /location/8 200 8 - 105.403 ms
POST /mealtype 200 16 - 127.418 ms
DELETE /mealtype/5f97bd07f2d4562d68b15f83 200 31 - 98.837 ms
DELETE /mealtype/5f97bd07f2d4562d68b15f83 200 31 - 94.469 ms
POST /mealtype 200 16 - 149.756 ms
DELETE /mealtype/20 200 9 - 113.340 ms
GET /order 200 198 - 104.497 ms
DELETE /order/252 200 9 - 126.282 ms
DELETE /order/252 200 9 - 136.759 ms
DELETE /order/387 200 9 - 91.236 ms
GET / 304 - - 5.400 ms
GET /favicon.ico 404 150 - 2.331 ms
GET /restaurant 200 48370 - 271.460 ms
DELETE /restaurant/13 200 6 - 98.084 ms
DELETE /restaurant/14 200 6 - 96.881 ms
GET /restaurant?city=Mumbai 200 669 - 106.557 ms
GET /restaurant?city=Lucknow 200 744 - 84.578 ms
GET / 304 - - 0.465 ms
GET / 304 - - 34.739 ms
GET /restaurant 200 66727 - 340.002 ms
GET /location 200 388 - 559.277 ms
GET / 304 - - 6.455 ms
GET /favicon.ico 404 150 - 2.384 ms
GET /log 404 142 - 0.627 ms
GET /login 200 91 - 1.290 ms
GET /%60https://github.com/login/oauth/authorize?client_id=cdd7e22739dc342df3c4` 404 182 - 2.522 ms
GET /%60https://github.com/login/oauth/authorize?client_id=cdd7e22739dc342df3c4` 404 182 - 4.411 ms
GET /%60https://github.com/login/oauth/authorize?client_id=cdd7e22739dc342df3c4` 404 182 - 1.066 ms
GET / 304 - - 4.567 ms
GET /login 304 - - 0.685 ms
GET /%60https://github.com/login/oauth/authorize?client_id=cdd7e22739dc342df3c4` 404 182 - 1.954 ms
GET /login 304 - - 2.129 ms
GET /%60https://github.com/login/oauth/authorize?client_id=cdd7e22739dc342df3c4` 404 182 - 0.410 ms
GET /login 304 - - 3.706 ms
GET /%60https://github.com/login/oauth/authorize?client_id=cdd7e22739dc342df3c4` 404 182 - 3.104 ms
GET /login 304 - - 1.156 ms
GET /login 304 - - 0.328 ms
GET /%60https://github.com/login/oauth/authorize?client_id=cdd7e22739dc342df3c4` 404 182 - 0.475 ms
GET /login 200 91 - 7.427 ms
GET /user?code=f1458a25b46be6d0e990 404 143 - 3.335 ms
GET /login 304 - - 6.575 ms
GET /login 304 - - 0.523 ms
GET /user?code=f282ac0be0826a375b00 404 143 - 3.930 ms
GET /user?code=f282ac0be0826a375b00 - - - - ms
GET /user?code=f282ac0be0826a375b00 200 80 - 1358.234 ms
GET /user?code=f282ac0be0826a375b00 304 - - 1226.779 ms
GET / 304 - - 0.682 ms
GET /login 304 - - 0.599 ms
GET /user?code=306331c24176b02a0d04 200 1316 - 1266.086 ms
GET /user?code=306331c24176b02a0d04 200 80 - 1100.912 ms
GET /user?code=306331c24176b02a0d04 304 - - 1131.360 ms
GET /user?code=306331c24176b02a0d04 304 - - 1189.561 ms
GET / 304 - - 0.493 ms
GET /login 304 - - 1.068 ms
GET /user?code=a20fc55d2a6a7726589b 200 1316 - 1128.424 ms
GET /user?code=631960a612a98334bbd7 200 1316 - 1311.497 ms
GET /user?code=9581eef0e2d743ee1487 200 1316 - 1303.850 ms
GET /user?code=2e004e89b8e099cb4f12 200 1316 - 1499.767 ms
GET /user?code=b385c8359e07a5618c0d 404 143 - 7.199 ms
GET /user?code=878d24a917c2a2591a1c 404 143 - 1.142 ms
POST /user 200 80 - 1426.442 ms
GET / 304 - - 3.183 ms
GET /user 404 143 - 4.072 ms
POST /user 200 80 - 1013.004 ms
POST /user 200 80 - 1569.016 ms
POST /user 200 80 - 1650.361 ms
POST /user 200 80 - 1153.221 ms
GET /user 404 143 - 0.575 ms
GET / 304 - - 0.665 ms
GET /login 304 - - 0.897 ms
POST /user 200 80 - 1264.771 ms
POST /user 200 80 - 1144.191 ms
POST /user 200 80 - 1142.628 ms
POST /user 200 80 - 6539.233 ms
POST /user 200 80 - 1139.952 ms
POST /user 200 80 - 1078.749 ms
POST /user 200 80 - 1412.671 ms
GET / 304 - - 40.445 ms
GET /favicon.ico 404 150 - 5.981 ms
GET /mealtype 200 1063 - 141.376 ms
GET /restaurant 200 67457 - 334.319 ms
DELETE /restaurant/16 200 6 - 109.572 ms
GET / 304 - - 6.364 ms
GET /favicon.ico 404 150 - 9.049 ms
GET /cuisine 404 146 - 0.549 ms
GET / 304 - - 181.791 ms
GET /restaurant 200 67515 - 1157.861 ms
GET /mealtype 304 - - 120.825 ms
GET /restaurant 304 - - 384.865 ms
GET /restaurant?city=Mumbai 200 2085 - 76.560 ms
GET /restaurant 200 70522 - 289.154 ms
GET /restaurant/breakfast 200 70522 - 330.594 ms
GET /restaurant/drinks 200 70522 - 479.927 ms
GET /restaurant/drinks?city=Delhi 200 15522 - 170.754 ms
GET /restaurant/drinks?city=Lucknow 200 781 - 91.498 ms
GET /restaurant 200 72027 - 873.905 ms
GET / 200 140 - 3.642 ms
GET /favicon.ico 404 150 - 6.456 ms
GET /restaurant 200 142224 - 456.673 ms
GET / 304 - - 6.036 ms
GET /favicon.ico 404 150 - 4.836 ms
GET /restaurant 200 143378 - 841.694 ms
GET /restaurant 304 - - 587.494 ms
GET /mealtype 200 1063 - 99.994 ms
GET /location 200 388 - 110.740 ms
GET /cuisine 404 146 - 1.212 ms
GET /cusine 404 145 - 0.718 ms
GET /order 200 537 - 118.677 ms
